0 verbose cli /usr/bin/node /usr/bin/npm
1 info using npm@9.2.0
2 info using node@v18.19.1
3 timing npm:load:whichnode Completed in 1ms
4 timing config:load:defaults Completed in 1ms
5 timing config:load:file:/usr/share/nodejs/npm/npmrc Completed in 4ms
6 timing config:load:builtin Completed in 4ms
7 timing config:load:cli Completed in 5ms
8 timing config:load:env Completed in 0ms
9 timing config:load:project Completed in 2ms
10 timing config:load:file:/home/ubuntu/.npmrc Completed in 0ms
11 timing config:load:user Completed in 0ms
12 timing config:load:file:/etc/npmrc Completed in 0ms
13 timing config:load:global Completed in 0ms
14 timing config:load:setEnvs Completed in 0ms
15 timing config:load Completed in 14ms
16 timing npm:load:configload Completed in 14ms
17 timing npm:load:mkdirpcache Completed in 1ms
18 timing npm:load:mkdirplogs Completed in 0ms
19 verbose title npm install npm@6
20 verbose argv "install" "--global" "npm@6"
21 timing npm:load:setTitle Completed in 2ms
22 timing config:load:flatten Completed in 5ms
23 timing npm:load:display Completed in 8ms
24 verbose logfile logs-max:10 dir:/home/ubuntu/.npm/_logs/2024-09-18T19_07_07_563Z-
25 verbose logfile /home/ubuntu/.npm/_logs/2024-09-18T19_07_07_563Z-debug-0.log
26 timing npm:load:logFile Completed in 8ms
27 timing npm:load:timers Completed in 0ms
28 timing npm:load:configScope Completed in 0ms
29 timing npm:load Completed in 35ms
30 timing config:load:flatten Completed in 0ms
31 silly logfile done cleaning log files
32 http fetch GET 200 https://registry.npmjs.org/npm 188ms (cache miss)
33 timing arborist:ctor Completed in 1ms
34 timing idealTree:init Completed in 10ms
35 timing idealTree:userRequests Completed in 2ms
36 silly idealTree buildDeps
37 silly fetch manifest npm@6
38 http fetch GET 200 https://registry.npmjs.org/npm 31ms (cache hit)
39 silly placeDep ROOT npm@6.14.18 OK for:  want: 6
40 timing idealTree:#root Completed in 77ms
41 timing idealTree:node_modules/npm Completed in 0ms
42 timing idealTree:buildDeps Completed in 79ms
43 timing idealTree:fixDepFlags Completed in 0ms
44 timing idealTree Completed in 95ms
45 timing reify:loadTrees Completed in 101ms
46 timing reify:diffTrees Completed in 1ms
47 silly reify moves {}
48 timing reify:retireShallow Completed in 1ms
49 timing reify:rollback:createSparse Completed in 0ms
50 timing reify:rollback:retireShallow Completed in 0ms
51 timing command:install Completed in 363ms
52 verbose stack Error: EACCES: permission denied, mkdir '/usr/local/lib/node_modules'
53 verbose cwd /home/ubuntu
54 verbose Linux 6.8.0-1012-aws
55 verbose node v18.19.1
56 verbose npm  v9.2.0
57 error code EACCES
58 error syscall mkdir
59 error path /usr/local/lib/node_modules
60 error errno -13
61 error [Error: EACCES: permission denied, mkdir '/usr/local/lib/node_modules'] {
61 error   errno: -13,
61 error   code: 'EACCES',
61 error   syscall: 'mkdir',
61 error   path: '/usr/local/lib/node_modules'
61 error }
62 error
62 error The operation was rejected by your operating system.
62 error It is likely you do not have the permissions to access this file as the current user
62 error
62 error If you believe this might be a permissions issue, please double-check the
62 error permissions of the file and its containing directories, or try running
62 error the command again as root/Administrator.
63 verbose exit -13
64 timing npm Completed in 436ms
65 verbose unfinished npm timer reify 1726686427880
66 verbose unfinished npm timer reify:createSparse 1726686427985
67 verbose code -13
68 error A complete log of this run can be found in:
68 error     /home/ubuntu/.npm/_logs/2024-09-18T19_07_07_563Z-debug-0.log
